<?xml version="1.0" encoding="UTF-8"?>
<testng-results skipped="0" failed="1" ignored="0" total="1" passed="0">
  <reporter-output>
  </reporter-output>
  <suite name="The Great Idea test cases" duration-ms="96123" started-at="2017-05-23T20:05:35Z" finished-at="2017-05-23T20:07:11Z">
    <groups>
    </groups>
    <test name="Device Farm execution" duration-ms="96123" started-at="2017-05-23T20:05:35Z" finished-at="2017-05-23T20:07:11Z">
      <class name="tests.TestLogin">
        <test-method status="PASS" signature="loadConfigurationValues(org.testng.ITestContext)[pri:0, instance:tests.TestLogin@18eed359]" name="loadConfigurationValues" is-config="true" duration-ms="26" started-at="2017-05-23T14:05:35Z" finished-at="2017-05-23T14:05:35Z">
          <params>
            <param index="0">
              <value>
                <![CDATA[org.testng.TestRunner@2af004b]]>
              </value>
            </param>
          </params>
          <reporter-output>
          </reporter-output>
        </test-method> <!-- loadConfigurationValues -->
        <test-method status="PASS" signature="setUp()[pri:0, instance:tests.TestLogin@18eed359]" name="setUp" is-config="true" duration-ms="96054" started-at="2017-05-23T14:05:35Z" finished-at="2017-05-23T14:07:11Z">
          <reporter-output>
          </reporter-output>
        </test-method> <!-- setUp -->
        <test-method status="FAIL" signature="sendRecord()[pri:0, instance:tests.TestLogin@18eed359]" name="sendRecord" duration-ms="18" started-at="2017-05-23T14:07:11Z" finished-at="2017-05-23T14:07:11Z">
          <exception class="java.lang.NullPointerException">
            <full-stacktrace>
              <![CDATA[java.lang.NullPointerException
	at com.google.common.base.Preconditions.checkNotNull(Preconditions.java:770)
	at org.openqa.selenium.support.ui.FluentWait.<init>(FluentWait.java:96)
	at org.openqa.selenium.support.ui.WebDriverWait.<init>(WebDriverWait.java:71)
	at org.openqa.selenium.support.ui.WebDriverWait.<init>(WebDriverWait.java:45)
	at generic.BasePage.<init>(BasePage.java:28)
	at pages.LoginPage.<init>(LoginPage.java:41)
	at tests.TestLogin.sendRecord(TestLogin.java:25)
	at sun.reflect.NativeMethodAccessorImpl.invoke0(Native Method)
	at sun.reflect.NativeMethodAccessorImpl.invoke(NativeMethodAccessorImpl.java:62)
	at sun.reflect.DelegatingMethodAccessorImpl.invoke(DelegatingMethodAccessorImpl.java:43)
	at java.lang.reflect.Method.invoke(Method.java:498)
	at org.testng.internal.MethodInvocationHelper.invokeMethod(MethodInvocationHelper.java:108)
	at org.testng.internal.Invoker.invokeMethod(Invoker.java:661)
	at org.testng.internal.Invoker.invokeTestMethod(Invoker.java:869)
	at org.testng.internal.Invoker.invokeTestMethods(Invoker.java:1193)
	at org.testng.internal.TestMethodWorker.invokeTestMethods(TestMethodWorker.java:126)
	at org.testng.internal.TestMethodWorker.run(TestMethodWorker.java:109)
	at org.testng.TestRunner.privateRun(TestRunner.java:744)
	at org.testng.TestRunner.run(TestRunner.java:602)
	at org.testng.SuiteRunner.runTest(SuiteRunner.java:380)
	at org.testng.SuiteRunner.runSequentially(SuiteRunner.java:375)
	at org.testng.SuiteRunner.privateRun(SuiteRunner.java:340)
	at org.testng.SuiteRunner.run(SuiteRunner.java:289)
	at org.testng.SuiteRunnerWorker.runSuite(SuiteRunnerWorker.java:52)
	at org.testng.SuiteRunnerWorker.run(SuiteRunnerWorker.java:86)
	at org.testng.TestNG.runSuitesSequentially(TestNG.java:1301)
	at org.testng.TestNG.runSuitesLocally(TestNG.java:1226)
	at org.testng.TestNG.runSuites(TestNG.java:1144)
	at org.testng.TestNG.run(TestNG.java:1115)
	at org.testng.remote.AbstractRemoteTestNG.run(AbstractRemoteTestNG.java:132)
	at org.testng.remote.RemoteTestNG.initAndRun(RemoteTestNG.java:230)
	at org.testng.remote.RemoteTestNG.main(RemoteTestNG.java:76)
]]>
            </full-stacktrace>
          </exception> <!-- java.lang.NullPointerException -->
          <reporter-output>
          </reporter-output>
        </test-method> <!-- sendRecord -->
        <test-method status="PASS" signature="closeDriver()[pri:0, instance:tests.TestLogin@18eed359]" name="closeDriver" is-config="true" duration-ms="0" started-at="2017-05-23T14:07:11Z" finished-at="2017-05-23T14:07:11Z">
          <reporter-output>
          </reporter-output>
        </test-method> <!-- closeDriver -->
      </class> <!-- tests.TestLogin -->
    </test> <!-- Device Farm execution -->
  </suite> <!-- The Great Idea test cases -->
</testng-results>
