<?xml version="1.0" encoding="UTF-8"?>
<!-- Generated by org.testng.reporters.JUnitXMLReporter -->
<testsuite hostname="LIB-WS2384.local" ignored="0" name="Device Farm execution" tests="1" failures="1" timestamp="23 May 2017 20:07:11 GMT" time="96.123" errors="0">
  <testcase name="sendRecord" time="0.018" classname="tests.TestLogin">
    <failure type="java.lang.NullPointerException">
      <![CDATA[java.lang.NullPointerException
	at com.google.common.base.Preconditions.checkNotNull(Preconditions.java:770)
	at org.openqa.selenium.support.ui.FluentWait.<init>(FluentWait.java:96)
	at org.openqa.selenium.support.ui.WebDriverWait.<init>(WebDriverWait.java:71)
	at org.openqa.selenium.support.ui.WebDriverWait.<init>(WebDriverWait.java:45)
	at generic.BasePage.<init>(BasePage.java:28)
	at pages.LoginPage.<init>(LoginPage.java:41)
	at tests.TestLogin.sendRecord(TestLogin.java:25)
... Removed 25 stack frames]]>
    </failure>
  </testcase> <!-- sendRecord -->
</testsuite> <!-- Device Farm execution -->
